This is pdfTeX, Version 3.1415926-2.4-1.40.13 (TeX Live 2012/Debian) (format=pdflatex 2013.5.29)  29 MAY 2013 01:48
entering extended mode
 restricted \write18 enabled.
 %&-line parsing enabled.
**G7-32_NIRreport_example.tex
(./G7-32_NIRreport_example.tex
LaTeX2e <2011/06/27>
Babel <v3.8m> and hyphenation patterns for english, dumylang, nohyphenation, et
hiopic, farsi, arabic, pinyin, croatian, bulgarian, ukrainian, russian, slovak,
 czech, danish, dutch, usenglishmax, ukenglish, finnish, french, basque, ngerma
n, german, swissgerman, ngerman-x-2012-05-30, german-x-2012-05-30, monogreek, g
reek, ibycus, ancientgreek, hungarian, bengali, tamil, hindi, telugu, gujarati,
 sanskrit, malayalam, kannada, assamese, marathi, oriya, panjabi, italian, lati
n, latvian, lithuanian, mongolian, mongolianlmc, nynorsk, bokmal, indonesian, e
speranto, coptic, welsh, irish, interlingua, serbian, serbianc, slovenian, friu
lan, romansh, estonian, romanian, armenian, uppersorbian, turkish, afrikaans, i
celandic, kurmanji, polish, portuguese, galician, catalan, spanish, swedish, th
ai, loaded.
(./G7-32.cls
Document Class: G7-32 2003/07/01 v1.0 Non Standard LaTeX document class
(./GostBase.clo (/usr/share/texlive/texmf-dist/tex/latex/base/size12.clo
File: size12.clo 2007/10/19 v1.4h Standard LaTeX file (size option)
))
(./G2-105.sty
Package: G2-105 2003/07/07 v1.00 General reqs. GOST 2.105-95
\c@totalpage=\count79
\c@totaltable=\count80
\c@totalfigure=\count81
\c@totalbib=\count82
\GostAfterTitleSkip=\skip41
\GostBetweenTitleSkip=\skip42
\GostBeforTitleSkip=\skip43
\GostBeforNoTitleSkip=\skip44
\GostHTitleSpace=\skip45
\GostTitleIndent=\skip46
\Gost@ChapterIndent=\skip47
\Gost@MainChapterIndent=\skip48
\Gost@TitleDropSkip=\skip49
\c@chapter=\count83
\c@section=\count84
\c@subsection=\count85
\c@subsubsection=\count86
\NirTitleDropSkip=\skip50
 (/usr/share/texlive/texmf-dist/tex/latex/hyperref/hyperref.sty
Package: hyperref 2012/05/13 v6.82q Hypertext links for LaTeX

(/usr/share/texlive/texmf-dist/tex/generic/oberdiek/hobsub-hyperref.sty
Package: hobsub-hyperref 2012/05/28 v1.13 Bundle oberdiek, subset hyperref (HO)


(/usr/share/texlive/texmf-dist/tex/generic/oberdiek/hobsub-generic.sty
Package: hobsub-generic 2012/05/28 v1.13 Bundle oberdiek, subset generic (HO)
Package: hobsub 2012/05/28 v1.13 Construct package bundles (HO)
Package: infwarerr 2010/04/08 v1.3 Providing info/warning/error messages (HO)
Package: ltxcmds 2011/11/09 v1.22 LaTeX kernel commands for general use (HO)
Package: ifluatex 2010/03/01 v1.3 Provides the ifluatex switch (HO)
Package ifluatex Info: LuaTeX not detected.
Package: ifvtex 2010/03/01 v1.5 Detect VTeX and its facilities (HO)
Package ifvtex Info: VTeX not detected.
Package: intcalc 2007/09/27 v1.1 Expandable calculations with integers (HO)
Package: ifpdf 2011/01/30 v2.3 Provides the ifpdf switch (HO)
Package ifpdf Info: pdfTeX in PDF mode is detected.
Package: etexcmds 2011/02/16 v1.5 Avoid name clashes with e-TeX commands (HO)
Package etexcmds Info: Could not find \expanded.
(etexcmds)             That can mean that you are not using pdfTeX 1.50 or
(etexcmds)             that some package has redefined \expanded.
(etexcmds)             In the latter case, load this package earlier.
Package: kvsetkeys 2012/04/25 v1.16 Key value parser (HO)
Package: kvdefinekeys 2011/04/07 v1.3 Define keys (HO)
Package: pdftexcmds 2011/11/29 v0.20 Utility functions of pdfTeX for LuaTeX (HO
)
Package pdftexcmds Info: LuaTeX not detected.
Package pdftexcmds Info: \pdf@primitive is available.
Package pdftexcmds Info: \pdf@ifprimitive is available.
Package pdftexcmds Info: \pdfdraftmode found.
Package: pdfescape 2011/11/25 v1.13 Implements pdfTeX's escape features (HO)
Package: bigintcalc 2012/04/08 v1.3 Expandable calculations on big integers (HO
)
Package: bitset 2011/01/30 v1.1 Handle bit-vector datatype (HO)
Package: uniquecounter 2011/01/30 v1.2 Provide unlimited unique counter (HO)
)
Package hobsub Info: Skipping package `hobsub' (already loaded).
Package: letltxmacro 2010/09/02 v1.4 Let assignment for LaTeX macros (HO)
Package: hopatch 2012/05/28 v1.2 Wrapper for package hooks (HO)
Package: xcolor-patch 2011/01/30 xcolor patch
Package: atveryend 2011/06/30 v1.8 Hooks at the very end of document (HO)
Package atveryend Info: \enddocument detected (standard20110627).
Package: atbegshi 2011/10/05 v1.16 At begin shipout hook (HO)
Package: refcount 2011/10/16 v3.4 Data extraction from label references (HO)
Package: hycolor 2011/01/30 v1.7 Color options for hyperref/bookmark (HO)
)
(/usr/share/texlive/texmf-dist/tex/latex/graphics/keyval.sty
Package: keyval 1999/03/16 v1.13 key=value parser (DPC)
\KV@toks@=\toks14
)
(/usr/share/texlive/texmf-dist/tex/generic/ifxetex/ifxetex.sty
Package: ifxetex 2010/09/12 v0.6 Provides ifxetex conditional
)
(/usr/share/texlive/texmf-dist/tex/latex/oberdiek/kvoptions.sty
Package: kvoptions 2011/06/30 v3.11 Key value format for package options (HO)
)
\@linkdim=\dimen102
\Hy@linkcounter=\count87
\Hy@pagecounter=\count88

(/usr/share/texlive/texmf-dist/tex/latex/hyperref/pd1enc.def
File: pd1enc.def 2012/05/13 v6.82q Hyperref: PDFDocEncoding definition (HO)
)
\Hy@SavedSpaceFactor=\count89

(/usr/share/texlive/texmf-dist/tex/latex/latexconfig/hyperref.cfg
File: hyperref.cfg 2002/06/06 v1.2 hyperref configuration of TeXLive
)
Package hyperref Info: Option `unicode' set `true' on input line 3941.

(/usr/share/texlive/texmf-dist/tex/latex/hyperref/puenc.def
File: puenc.def 2012/05/13 v6.82q Hyperref: PDF Unicode definition (HO)
)
Package hyperref Info: Hyper figures OFF on input line 4062.
Package hyperref Info: Link nesting OFF on input line 4067.
Package hyperref Info: Hyper index ON on input line 4070.
Package hyperref Info: Plain pages OFF on input line 4077.
Package hyperref Info: Backreferencing OFF on input line 4082.
Package hyperref Info: Implicit mode ON; LaTeX internals redefined.
Package hyperref Info: Bookmarks ON on input line 4300.
\c@Hy@tempcnt=\count90

(/usr/share/texlive/texmf-dist/tex/latex/url/url.sty
\Urlmuskip=\muskip10
Package: url 2006/04/12  ver 3.3  Verb mode for urls, etc.
)
LaTeX Info: Redefining \url on input line 4653.
\Fld@menulength=\count91
\Field@Width=\dimen103
\Fld@charsize=\dimen104
Package hyperref Info: Hyper figures OFF on input line 5773.
Package hyperref Info: Link nesting OFF on input line 5778.
Package hyperref Info: Hyper index ON on input line 5781.
Package hyperref Info: backreferencing OFF on input line 5788.
Package hyperref Info: Link coloring OFF on input line 5793.
Package hyperref Info: Link coloring with OCG OFF on input line 5798.
Package hyperref Info: PDF/A mode OFF on input line 5803.
LaTeX Info: Redefining \ref on input line 5843.
LaTeX Info: Redefining \pageref on input line 5847.
\Hy@abspage=\count92
\c@Item=\count93
\c@Hfootnote=\count94
)

Package hyperref Message: Driver (autodetected): hpdftex.

(/usr/share/texlive/texmf-dist/tex/latex/hyperref/hpdftex.def
File: hpdftex.def 2012/05/13 v6.82q Hyperref driver for pdfTeX
\Fld@listcount=\count95
\c@bookmark@seq@number=\count96

(/usr/share/texlive/texmf-dist/tex/latex/oberdiek/rerunfilecheck.sty
Package: rerunfilecheck 2011/04/15 v1.7 Rerun checks for auxiliary files (HO)
Package uniquecounter Info: New unique counter `rerunfilecheck' on input line 2
82.
)
\Hy@SectionHShift=\skip51
)
(/usr/share/texlive/texmf-dist/tex/latex/t2/mathtext.sty
Package: mathtext 1999/01/28 v1.0 transparent text-and-math defs
LaTeX Info: Redefining \halign on input line 111.
)
(/usr/share/texlive/texmf-dist/tex/latex/base/fontenc.sty
Package: fontenc 2005/09/27 v1.99g Standard LaTeX package

(/usr/share/texlive/texmf-dist/tex/latex/cyrillic/t2aenc.def
File: t2aenc.def 2005/09/27 v1.0i Cyrillic encoding definition file
\symT2Aletters=\mathgroup4
)
LaTeX Font Info:    Try loading font information for T2A+cmr on input line 100.


(/usr/share/texlive/texmf-dist/tex/latex/cyrillic/t2acmr.fd
File: t2acmr.fd 2001/08/11 v1.0a Computer Modern Cyrillic font definitions
))
(/usr/share/texlive/texmf-dist/tex/latex/base/inputenc.sty
Package: inputenc 2008/03/30 v1.1d Input encoding file
\inpenc@prehook=\toks15
\inpenc@posthook=\toks16

(/usr/share/texlive/texmf-dist/tex/latex/base/utf8.def
File: utf8.def 2008/04/05 v1.1m UTF-8 support for inputenc
Now handling font encoding OML ...
... no UTF-8 mapping file for font encoding OML
Now handling font encoding T1 ...
... processing UTF-8 mapping file for font encoding T1

(/usr/share/texlive/texmf-dist/tex/latex/base/t1enc.dfu
File: t1enc.dfu 2008/04/05 v1.1m UTF-8 support for inputenc
   defining Unicode char U+00A1 (decimal 161)
   defining Unicode char U+00A3 (decimal 163)
   defining Unicode char U+00AB (decimal 171)
   defining Unicode char U+00BB (decimal 187)
   defining Unicode char U+00BF (decimal 191)
   defining Unicode char U+00C0 (decimal 192)
   defining Unicode char U+00C1 (decimal 193)
   defining Unicode char U+00C2 (decimal 194)
   defining Unicode char U+00C3 (decimal 195)
   defining Unicode char U+00C4 (decimal 196)
   defining Unicode char U+00C5 (decimal 197)
   defining Unicode char U+00C6 (decimal 198)
   defining Unicode char U+00C7 (decimal 199)
   defining Unicode char U+00C8 (decimal 200)
   defining Unicode char U+00C9 (decimal 201)
   defining Unicode char U+00CA (decimal 202)
   defining Unicode char U+00CB (decimal 203)
   defining Unicode char U+00CC (decimal 204)
   defining Unicode char U+00CD (decimal 205)
   defining Unicode char U+00CE (decimal 206)
   defining Unicode char U+00CF (decimal 207)
   defining Unicode char U+00D0 (decimal 208)
   defining Unicode char U+00D1 (decimal 209)
   defining Unicode char U+00D2 (decimal 210)
   defining Unicode char U+00D3 (decimal 211)
   defining Unicode char U+00D4 (decimal 212)
   defining Unicode char U+00D5 (decimal 213)
   defining Unicode char U+00D6 (decimal 214)
   defining Unicode char U+00D8 (decimal 216)
   defining Unicode char U+00D9 (decimal 217)
   defining Unicode char U+00DA (decimal 218)
   defining Unicode char U+00DB (decimal 219)
   defining Unicode char U+00DC (decimal 220)
   defining Unicode char U+00DD (decimal 221)
   defining Unicode char U+00DE (decimal 222)
   defining Unicode char U+00DF (decimal 223)
   defining Unicode char U+00E0 (decimal 224)
   defining Unicode char U+00E1 (decimal 225)
   defining Unicode char U+00E2 (decimal 226)
   defining Unicode char U+00E3 (decimal 227)
   defining Unicode char U+00E4 (decimal 228)
   defining Unicode char U+00E5 (decimal 229)
   defining Unicode char U+00E6 (decimal 230)
   defining Unicode char U+00E7 (decimal 231)
   defining Unicode char U+00E8 (decimal 232)
   defining Unicode char U+00E9 (decimal 233)
   defining Unicode char U+00EA (decimal 234)
   defining Unicode char U+00EB (decimal 235)
   defining Unicode char U+00EC (decimal 236)
   defining Unicode char U+00ED (decimal 237)
   defining Unicode char U+00EE (decimal 238)
   defining Unicode char U+00EF (decimal 239)
   defining Unicode char U+00F0 (decimal 240)
   defining Unicode char U+00F1 (decimal 241)
   defining Unicode char U+00F2 (decimal 242)
   defining Unicode char U+00F3 (decimal 243)
   defining Unicode char U+00F4 (decimal 244)
   defining Unicode char U+00F5 (decimal 245)
   defining Unicode char U+00F6 (decimal 246)
   defining Unicode char U+00F8 (decimal 248)
   defining Unicode char U+00F9 (decimal 249)
   defining Unicode char U+00FA (decimal 250)
   defining Unicode char U+00FB (decimal 251)
   defining Unicode char U+00FC (decimal 252)
   defining Unicode char U+00FD (decimal 253)
   defining Unicode char U+00FE (decimal 254)
   defining Unicode char U+00FF (decimal 255)
   defining Unicode char U+0102 (decimal 258)
   defining Unicode char U+0103 (decimal 259)
   defining Unicode char U+0104 (decimal 260)
   defining Unicode char U+0105 (decimal 261)
   defining Unicode char U+0106 (decimal 262)
   defining Unicode char U+0107 (decimal 263)
   defining Unicode char U+010C (decimal 268)
   defining Unicode char U+010D (decimal 269)
   defining Unicode char U+010E (decimal 270)
   defining Unicode char U+010F (decimal 271)
   defining Unicode char U+0110 (decimal 272)
   defining Unicode char U+0111 (decimal 273)
   defining Unicode char U+0118 (decimal 280)
   defining Unicode char U+0119 (decimal 281)
   defining Unicode char U+011A (decimal 282)
   defining Unicode char U+011B (decimal 283)
   defining Unicode char U+011E (decimal 286)
   defining Unicode char U+011F (decimal 287)
   defining Unicode char U+0130 (decimal 304)
   defining Unicode char U+0131 (decimal 305)
   defining Unicode char U+0132 (decimal 306)
   defining Unicode char U+0133 (decimal 307)
   defining Unicode char U+0139 (decimal 313)
   defining Unicode char U+013A (decimal 314)
   defining Unicode char U+013D (decimal 317)
   defining Unicode char U+013E (decimal 318)
   defining Unicode char U+0141 (decimal 321)
   defining Unicode char U+0142 (decimal 322)
   defining Unicode char U+0143 (decimal 323)
   defining Unicode char U+0144 (decimal 324)
   defining Unicode char U+0147 (decimal 327)
   defining Unicode char U+0148 (decimal 328)
   defining Unicode char U+014A (decimal 330)
   defining Unicode char U+014B (decimal 331)
   defining Unicode char U+0150 (decimal 336)
   defining Unicode char U+0151 (decimal 337)
   defining Unicode char U+0152 (decimal 338)
   defining Unicode char U+0153 (decimal 339)
   defining Unicode char U+0154 (decimal 340)
   defining Unicode char U+0155 (decimal 341)
   defining Unicode char U+0158 (decimal 344)
   defining Unicode char U+0159 (decimal 345)
   defining Unicode char U+015A (decimal 346)
   defining Unicode char U+015B (decimal 347)
   defining Unicode char U+015E (decimal 350)
   defining Unicode char U+015F (decimal 351)
   defining Unicode char U+0160 (decimal 352)
   defining Unicode char U+0161 (decimal 353)
   defining Unicode char U+0162 (decimal 354)
   defining Unicode char U+0163 (decimal 355)
   defining Unicode char U+0164 (decimal 356)
   defining Unicode char U+0165 (decimal 357)
   defining Unicode char U+016E (decimal 366)
   defining Unicode char U+016F (decimal 367)
   defining Unicode char U+0170 (decimal 368)
   defining Unicode char U+0171 (decimal 369)
   defining Unicode char U+0178 (decimal 376)
   defining Unicode char U+0179 (decimal 377)
   defining Unicode char U+017A (decimal 378)
   defining Unicode char U+017B (decimal 379)
   defining Unicode char U+017C (decimal 380)
   defining Unicode char U+017D (decimal 381)
   defining Unicode char U+017E (decimal 382)
   defining Unicode char U+200C (decimal 8204)
   defining Unicode char U+2013 (decimal 8211)
   defining Unicode char U+2014 (decimal 8212)
   defining Unicode char U+2018 (decimal 8216)
   defining Unicode char U+2019 (decimal 8217)
   defining Unicode char U+201A (decimal 8218)
   defining Unicode char U+201C (decimal 8220)
   defining Unicode char U+201D (decimal 8221)
   defining Unicode char U+201E (decimal 8222)
   defining Unicode char U+2030 (decimal 8240)
   defining Unicode char U+2031 (decimal 8241)
   defining Unicode char U+2039 (decimal 8249)
   defining Unicode char U+203A (decimal 8250)
   defining Unicode char U+2423 (decimal 9251)
)
Now handling font encoding OT1 ...
... processing UTF-8 mapping file for font encoding OT1

(/usr/share/texlive/texmf-dist/tex/latex/base/ot1enc.dfu
File: ot1enc.dfu 2008/04/05 v1.1m UTF-8 support for inputenc
   defining Unicode char U+00A1 (decimal 161)
   defining Unicode char U+00A3 (decimal 163)
   defining Unicode char U+00B8 (decimal 184)
   defining Unicode char U+00BF (decimal 191)
   defining Unicode char U+00C5 (decimal 197)
   defining Unicode char U+00C6 (decimal 198)
   defining Unicode char U+00D8 (decimal 216)
   defining Unicode char U+00DF (decimal 223)
   defining Unicode char U+00E6 (decimal 230)
   defining Unicode char U+00EC (decimal 236)
   defining Unicode char U+00ED (decimal 237)
   defining Unicode char U+00EE (decimal 238)
   defining Unicode char U+00EF (decimal 239)
   defining Unicode char U+00F8 (decimal 248)
   defining Unicode char U+0131 (decimal 305)
   defining Unicode char U+0141 (decimal 321)
   defining Unicode char U+0142 (decimal 322)
   defining Unicode char U+0152 (decimal 338)
   defining Unicode char U+0153 (decimal 339)
   defining Unicode char U+2013 (decimal 8211)
   defining Unicode char U+2014 (decimal 8212)
   defining Unicode char U+2018 (decimal 8216)
   defining Unicode char U+2019 (decimal 8217)
   defining Unicode char U+201C (decimal 8220)
   defining Unicode char U+201D (decimal 8221)
)
Now handling font encoding OMS ...
... processing UTF-8 mapping file for font encoding OMS

(/usr/share/texlive/texmf-dist/tex/latex/base/omsenc.dfu
File: omsenc.dfu 2008/04/05 v1.1m UTF-8 support for inputenc
   defining Unicode char U+00A7 (decimal 167)
   defining Unicode char U+00B6 (decimal 182)
   defining Unicode char U+00B7 (decimal 183)
   defining Unicode char U+2020 (decimal 8224)
   defining Unicode char U+2021 (decimal 8225)
   defining Unicode char U+2022 (decimal 8226)
)
Now handling font encoding OMX ...
... no UTF-8 mapping file for font encoding OMX
Now handling font encoding U ...
... no UTF-8 mapping file for font encoding U
Now handling font encoding PD1 ...
... no UTF-8 mapping file for font encoding PD1
Now handling font encoding PU ...
... no UTF-8 mapping file for font encoding PU
Now handling font encoding T2A ...
... processing UTF-8 mapping file for font encoding T2A

(/usr/share/texlive/texmf-dist/tex/latex/base/t2aenc.dfu
File: t2aenc.dfu 2008/04/05 v1.1m UTF-8 support for inputenc
   defining Unicode char U+00A4 (decimal 164)
   defining Unicode char U+00A7 (decimal 167)
   defining Unicode char U+00AB (decimal 171)
   defining Unicode char U+00BB (decimal 187)
   defining Unicode char U+0131 (decimal 305)
   defining Unicode char U+0400 (decimal 1024)
   defining Unicode char U+0401 (decimal 1025)
   defining Unicode char U+0402 (decimal 1026)
   defining Unicode char U+0403 (decimal 1027)
   defining Unicode char U+0404 (decimal 1028)
   defining Unicode char U+0405 (decimal 1029)
   defining Unicode char U+0406 (decimal 1030)
   defining Unicode char U+0407 (decimal 1031)
   defining Unicode char U+0408 (decimal 1032)
   defining Unicode char U+0409 (decimal 1033)
   defining Unicode char U+040A (decimal 1034)
   defining Unicode char U+040B (decimal 1035)
   defining Unicode char U+040C (decimal 1036)
   defining Unicode char U+040D (decimal 1037)
   defining Unicode char U+040E (decimal 1038)
   defining Unicode char U+040F (decimal 1039)
   defining Unicode char U+0410 (decimal 1040)
   defining Unicode char U+0411 (decimal 1041)
   defining Unicode char U+0412 (decimal 1042)
   defining Unicode char U+0413 (decimal 1043)
   defining Unicode char U+0414 (decimal 1044)
   defining Unicode char U+0415 (decimal 1045)
   defining Unicode char U+0416 (decimal 1046)
   defining Unicode char U+0417 (decimal 1047)
   defining Unicode char U+0418 (decimal 1048)
   defining Unicode char U+0419 (decimal 1049)
   defining Unicode char U+041A (decimal 1050)
   defining Unicode char U+041B (decimal 1051)
   defining Unicode char U+041C (decimal 1052)
   defining Unicode char U+041D (decimal 1053)
   defining Unicode char U+041E (decimal 1054)
   defining Unicode char U+041F (decimal 1055)
   defining Unicode char U+0420 (decimal 1056)
   defining Unicode char U+0421 (decimal 1057)
   defining Unicode char U+0422 (decimal 1058)
   defining Unicode char U+0423 (decimal 1059)
   defining Unicode char U+0424 (decimal 1060)
   defining Unicode char U+0425 (decimal 1061)
   defining Unicode char U+0426 (decimal 1062)
   defining Unicode char U+0427 (decimal 1063)
   defining Unicode char U+0428 (decimal 1064)
   defining Unicode char U+0429 (decimal 1065)
   defining Unicode char U+042A (decimal 1066)
   defining Unicode char U+042B (decimal 1067)
   defining Unicode char U+042C (decimal 1068)
   defining Unicode char U+042D (decimal 1069)
   defining Unicode char U+042E (decimal 1070)
   defining Unicode char U+042F (decimal 1071)
   defining Unicode char U+0430 (decimal 1072)
   defining Unicode char U+0431 (decimal 1073)
   defining Unicode char U+0432 (decimal 1074)
   defining Unicode char U+0433 (decimal 1075)
   defining Unicode char U+0434 (decimal 1076)
   defining Unicode char U+0435 (decimal 1077)
   defining Unicode char U+0436 (decimal 1078)
   defining Unicode char U+0437 (decimal 1079)
   defining Unicode char U+0438 (decimal 1080)
   defining Unicode char U+0439 (decimal 1081)
   defining Unicode char U+043A (decimal 1082)
   defining Unicode char U+043B (decimal 1083)
   defining Unicode char U+043C (decimal 1084)
   defining Unicode char U+043D (decimal 1085)
   defining Unicode char U+043E (decimal 1086)
   defining Unicode char U+043F (decimal 1087)
   defining Unicode char U+0440 (decimal 1088)
   defining Unicode char U+0441 (decimal 1089)
   defining Unicode char U+0442 (decimal 1090)
   defining Unicode char U+0443 (decimal 1091)
   defining Unicode char U+0444 (decimal 1092)
   defining Unicode char U+0445 (decimal 1093)
   defining Unicode char U+0446 (decimal 1094)
   defining Unicode char U+0447 (decimal 1095)
   defining Unicode char U+0448 (decimal 1096)
   defining Unicode char U+0449 (decimal 1097)
   defining Unicode char U+044A (decimal 1098)
   defining Unicode char U+044B (decimal 1099)
   defining Unicode char U+044C (decimal 1100)
   defining Unicode char U+044D (decimal 1101)
   defining Unicode char U+044E (decimal 1102)
   defining Unicode char U+044F (decimal 1103)
   defining Unicode char U+0450 (decimal 1104)
   defining Unicode char U+0451 (decimal 1105)
   defining Unicode char U+0452 (decimal 1106)
   defining Unicode char U+0453 (decimal 1107)
   defining Unicode char U+0454 (decimal 1108)
   defining Unicode char U+0455 (decimal 1109)
   defining Unicode char U+0456 (decimal 1110)
   defining Unicode char U+0457 (decimal 1111)
   defining Unicode char U+0458 (decimal 1112)
   defining Unicode char U+0459 (decimal 1113)
   defining Unicode char U+045A (decimal 1114)
   defining Unicode char U+045B (decimal 1115)
   defining Unicode char U+045C (decimal 1116)
   defining Unicode char U+045D (decimal 1117)
   defining Unicode char U+045E (decimal 1118)
   defining Unicode char U+045F (decimal 1119)
   defining Unicode char U+0490 (decimal 1168)
   defining Unicode char U+0491 (decimal 1169)
   defining Unicode char U+0492 (decimal 1170)
   defining Unicode char U+0493 (decimal 1171)
   defining Unicode char U+0496 (decimal 1174)
   defining Unicode char U+0497 (decimal 1175)
   defining Unicode char U+0498 (decimal 1176)
   defining Unicode char U+0499 (decimal 1177)
   defining Unicode char U+049A (decimal 1178)
   defining Unicode char U+049B (decimal 1179)
   defining Unicode char U+049C (decimal 1180)
   defining Unicode char U+049D (decimal 1181)
   defining Unicode char U+04A0 (decimal 1184)
   defining Unicode char U+04A1 (decimal 1185)
   defining Unicode char U+04A2 (decimal 1186)
   defining Unicode char U+04A3 (decimal 1187)
   defining Unicode char U+04A4 (decimal 1188)
   defining Unicode char U+04A5 (decimal 1189)
   defining Unicode char U+04AA (decimal 1194)
   defining Unicode char U+04AB (decimal 1195)
   defining Unicode char U+04AE (decimal 1198)
   defining Unicode char U+04AF (decimal 1199)
   defining Unicode char U+04B0 (decimal 1200)
   defining Unicode char U+04B1 (decimal 1201)
   defining Unicode char U+04B2 (decimal 1202)
   defining Unicode char U+04B3 (decimal 1203)
   defining Unicode char U+04B6 (decimal 1206)
   defining Unicode char U+04B7 (decimal 1207)
   defining Unicode char U+04B8 (decimal 1208)
   defining Unicode char U+04B9 (decimal 1209)
   defining Unicode char U+04BA (decimal 1210)
   defining Unicode char U+04BB (decimal 1211)
   defining Unicode char U+04C0 (decimal 1216)
   defining Unicode char U+04C1 (decimal 1217)
   defining Unicode char U+04C2 (decimal 1218)
   defining Unicode char U+04D0 (decimal 1232)
   defining Unicode char U+04D1 (decimal 1233)
   defining Unicode char U+04D2 (decimal 1234)
   defining Unicode char U+04D3 (decimal 1235)
   defining Unicode char U+04D4 (decimal 1236)
   defining Unicode char U+04D5 (decimal 1237)
   defining Unicode char U+04D6 (decimal 1238)
   defining Unicode char U+04D7 (decimal 1239)
   defining Unicode char U+04D8 (decimal 1240)
   defining Unicode char U+04D9 (decimal 1241)
   defining Unicode char U+04DA (decimal 1242)
   defining Unicode char U+04DB (decimal 1243)
   defining Unicode char U+04DC (decimal 1244)
   defining Unicode char U+04DD (decimal 1245)
   defining Unicode char U+04DE (decimal 1246)
   defining Unicode char U+04DF (decimal 1247)
   defining Unicode char U+04E2 (decimal 1250)
   defining Unicode char U+04E3 (decimal 1251)
   defining Unicode char U+04E4 (decimal 1252)
   defining Unicode char U+04E5 (decimal 1253)
   defining Unicode char U+04E6 (decimal 1254)
   defining Unicode char U+04E7 (decimal 1255)
   defining Unicode char U+04E8 (decimal 1256)
   defining Unicode char U+04E9 (decimal 1257)
   defining Unicode char U+04EC (decimal 1260)
   defining Unicode char U+04ED (decimal 1261)
   defining Unicode char U+04EE (decimal 1262)
   defining Unicode char U+04EF (decimal 1263)
   defining Unicode char U+04F0 (decimal 1264)
   defining Unicode char U+04F1 (decimal 1265)
   defining Unicode char U+04F2 (decimal 1266)
   defining Unicode char U+04F3 (decimal 1267)
   defining Unicode char U+04F4 (decimal 1268)
   defining Unicode char U+04F5 (decimal 1269)
   defining Unicode char U+04F8 (decimal 1272)
   defining Unicode char U+04F9 (decimal 1273)
   defining Unicode char U+200C (decimal 8204)
   defining Unicode char U+2013 (decimal 8211)
   defining Unicode char U+2014 (decimal 8212)
   defining Unicode char U+2018 (decimal 8216)
   defining Unicode char U+2019 (decimal 8217)
   defining Unicode char U+201C (decimal 8220)
   defining Unicode char U+201D (decimal 8221)
   defining Unicode char U+201E (decimal 8222)
   defining Unicode char U+2030 (decimal 8240)
   defining Unicode char U+2031 (decimal 8241)
   defining Unicode char U+2116 (decimal 8470)
   defining Unicode char U+2329 (decimal 9001)
   defining Unicode char U+232A (decimal 9002)
   defining Unicode char U+2423 (decimal 9251)
)
   defining Unicode char U+00A9 (decimal 169)
   defining Unicode char U+00AA (decimal 170)
   defining Unicode char U+00AE (decimal 174)
   defining Unicode char U+00BA (decimal 186)
   defining Unicode char U+02C6 (decimal 710)
   defining Unicode char U+02DC (decimal 732)
   defining Unicode char U+200C (decimal 8204)
   defining Unicode char U+2026 (decimal 8230)
   defining Unicode char U+2122 (decimal 8482)
   defining Unicode char U+2423 (decimal 9251)
))
(/var/lib/texmf/tex/generic/babel/babel.sty
Package: babel 2008/07/08 v3.8m The Babel package

(/usr/share/texlive/texmf-dist/tex/generic/babel/english.ldf
Language: english 2005/03/30 v3.3o English support from the babel system

(/usr/share/texlive/texmf-dist/tex/generic/babel/babel.def
File: babel.def 2008/07/08 v3.8m Babel common definitions
\babel@savecnt=\count97
\U@D=\dimen105
)
\l@canadian = a dialect from \language\l@american 
\l@australian = a dialect from \language\l@british 
\l@newzealand = a dialect from \language\l@british 
)
(/usr/share/texlive/texmf-dist/tex/generic/babel/russianb.ldf
Language: russianb 2008/03/21 v1.1r Russian support from the babel system
Package babel Info: Making " an active character on input line 199.
LaTeX Font Info:    Overwriting symbol font `T2Aletters' in version `bold'
(Font)                  T2A/cmr/m/n --> T2A/cmr/bx/n on input line 283.
LaTeX Font Info:    Overwriting math alphabet `\cyrmathsf' in version `bold'
(Font)                  T2A/cmss/m/n --> T2A/cmss/bx/n on input line 283.
LaTeX Font Info:    Overwriting math alphabet `\cyrmathit' in version `bold'
(Font)                  T2A/cmr/m/it --> T2A/cmr/bx/it on input line 283.
))
(/usr/share/texlive/texmf-dist/tex/latex/base/flafter.sty
Package: flafter 2000/07/23 v1.2i Standard LaTeX floats after reference (FMi)
)
\GostItemGap=\skip52
\GostItemIndent=\skip53

(/usr/share/texlive/texmf-dist/tex/latex/amsfonts/amssymb.sty
Package: amssymb 2009/06/22 v3.00

(/usr/share/texlive/texmf-dist/tex/latex/amsfonts/amsfonts.sty
Package: amsfonts 2009/06/22 v3.00 Basic AMSFonts support
\@emptytoks=\toks17
\symAMSa=\mathgroup5
\symAMSb=\mathgroup6
LaTeX Font Info:    Overwriting math alphabet `\mathfrak' in version `bold'
(Font)                  U/euf/m/n --> U/euf/b/n on input line 96.
))
(/usr/share/texlive/texmf-dist/tex/latex/was/icomma.sty
Package: icomma 2002/03/10 v2.0 (WaS)
)
(/usr/share/texlive/texmf-dist/tex/latex/base/leqno.clo
File: leqno.clo 1998/08/17 v1.1c Standard LaTeX option (left equation numbers)
)
\Gost@EqRemLen=\skip54
\Gost@@EqRemLen=\skip55

(/usr/share/texlive/texmf-dist/tex/latex/caption/caption2.sty
Package: caption2 2011/08/12 v2.2d Customising captions (AR)


Package caption2 Warning: ****************************************************
(caption2)                THIS PACKAGE IS OBSOLETE:
(caption2)                This package attempts to provide an `caption2'
(caption2)                package v2.0/2.1 author environment so that OLD
(caption2)                documents can be successfully processed. It should
(caption2)                NOT be used for NEW documents! New documents should
(caption2)                use the regular `caption' package v3.x instead.
(caption2)                ****************************************************

(/usr/share/texlive/texmf-dist/tex/latex/caption/caption3.sty
Package: caption3 2012/01/12 v1.4b caption3 kernel (AR)
\captionmargin=\dimen106
\captionmargin@=\dimen107
\captionwidth=\dimen108
\caption@indent=\dimen109
\caption@parindent=\dimen110
\caption@hangindent=\dimen111
\abovecaptionskip=\skip56
\belowcaptionskip=\skip57
Package caption Info: Unknown document class (or package),
(caption)             standard defaults will be used.
)
Package caption2 Info: Running in caption2 v2.0 compatibility mode on input lin
e 210.
\captionlinewidth=\dimen112
\realcaptionwidth=\dimen113
)
\c@figure=\count98

(/usr/share/texlive/texmf-dist/tex/latex/tools/longtable.sty
Package: longtable 2004/02/01 v4.11 Multi-page Table package (DPC)
\LTleft=\skip58
\LTright=\skip59
\LTpre=\skip60
\LTpost=\skip61
\LTchunksize=\count99
\LTcapwidth=\dimen114
\LT@head=\box26
\LT@firsthead=\box27
\LT@foot=\box28
\LT@lastfoot=\box29
\LT@cols=\count100
\LT@rows=\count101
\c@LT@tables=\count102
\c@LT@chunks=\count103
\c@table=\count104
\LT@p@ftn=\toks18
)
(/usr/share/texlive/texmf-dist/tex/latex/footmisc/footmisc.sty
Package: footmisc 2011/06/06 v5.5b a miscellany of footnote facilities
\FN@temptoken=\toks19
\footnotemargin=\dimen115
\c@pp@next@reset=\count105
\c@@fnserial=\count106
Package footmisc Info: Declaring symbol style bringhurst on input line 855.
Package footmisc Info: Declaring symbol style chicago on input line 863.
Package footmisc Info: Declaring symbol style wiley on input line 872.
Package footmisc Info: Declaring symbol style lamport-robust on input line 883.

Package footmisc Info: Declaring symbol style lamport* on input line 903.
Package footmisc Info: Declaring symbol style lamport*-robust on input line 924
.
)
\bibindent=\dimen116
)
(/usr/share/texlive/texmf-dist/tex/latex/geometry/geometry.sty
Package: geometry 2010/09/12 v5.6 Page Geometry
\Gm@cnth=\count107
\Gm@cntv=\count108
\c@Gm@tempcnt=\count109
\Gm@bindingoffset=\dimen117
\Gm@wd@mp=\dimen118
\Gm@odd@mp=\dimen119
\Gm@even@mp=\dimen120
\Gm@layoutwidth=\dimen121
\Gm@layoutheight=\dimen122
\Gm@layouthoffset=\dimen123
\Gm@layoutvoffset=\dimen124
\Gm@dimlist=\toks20
) (./G7-32.sty
Package: G7-32 2003/07/07 v1.00 Titles for GOST 7.32-2001
))
(/usr/share/texlive/texmf-dist/tex/latex/base/fontenc.sty
Package: fontenc 2005/09/27 v1.99g Standard LaTeX package

(/usr/share/texlive/texmf-dist/tex/latex/cyrillic/t2aenc.def
File: t2aenc.def 2005/09/27 v1.0i Cyrillic encoding definition file
LaTeX Font Info:    Redeclaring font encoding T2A on input line 38.
LaTeX Font Info:    Redeclaring math symbol \T2Amath\textendash on input line 7
0.
LaTeX Font Info:    Redeclaring math symbol \T2Amath\cyrdash on input line 71.
LaTeX Font Info:    Redeclaring math symbol \T2Amath\textemdash on input line 7
2.
LaTeX Font Info:    Redeclaring math symbol \T2Amath\textcompwordmark on input 
line 73.
LaTeX Font Info:    Redeclaring math symbol \T2Amath\textvisiblespace on input 
line 74.
LaTeX Font Info:    Redeclaring math symbol \T2Amath\textdollar on input line 7
5.
LaTeX Font Info:    Redeclaring math symbol \T2Amath\textless on input line 76.

LaTeX Font Info:    Redeclaring math symbol \T2Amath\textgreater on input line 
77.
LaTeX Font Info:    Redeclaring math symbol \T2Amath\textbackslash on input lin
e 78.
LaTeX Font Info:    Redeclaring math symbol \T2Amath\textasciicircum on input l
ine 79.
LaTeX Font Info:    Redeclaring math symbol \T2Amath\textunderscore on input li
ne 80.
LaTeX Font Info:    Redeclaring math symbol \T2Amath\textbraceleft on input lin
e 81.
LaTeX Font Info:    Redeclaring math symbol \T2Amath\textbar on input line 82.
LaTeX Font Info:    Redeclaring math symbol \T2Amath\textbraceright on input li
ne 83.
LaTeX Font Info:    Redeclaring math symbol \T2Amath\textasciitilde on input li
ne 84.
LaTeX Font Info:    Redeclaring math symbol \T2Amath\textnumero on input line 8
5.
LaTeX Font Info:    Redeclaring math symbol \T2Amath\textcurrency on input line
 86.
LaTeX Font Info:    Redeclaring math symbol \T2Amath\textsection on input line 
87.
LaTeX Font Info:    Redeclaring math symbol \T2Amath\textquotedbl on input line
 88.
LaTeX Font Info:    Redeclaring math symbol \T2Amath\textquoteleft on input lin
e 89.
LaTeX Font Info:    Redeclaring math symbol \T2Amath\textquoteright on input li
ne 90.
LaTeX Font Info:    Redeclaring math symbol \T2Amath\textquotedblleft on input 
line 91.
LaTeX Font Info:    Redeclaring math symbol \T2Amath\textquotedblright on input
 line 92.
LaTeX Font Info:    Redeclaring math symbol \T2Amath\quotedblbase on input line
 93.
LaTeX Font Info:    Redeclaring math symbol \T2Amath\CYRpalochka on input line 
94.
LaTeX Font Info:    Redeclaring math symbol \T2Amath\cyrlangle on input line 95
.
LaTeX Font Info:    Redeclaring math symbol \T2Amath\cyrrangle on input line 96
.
LaTeX Font Info:    Redeclaring math symbol \T2Amath\guillemotleft on input lin
e 97.
LaTeX Font Info:    Redeclaring math symbol \T2Amath\guillemotright on input li
ne 98.
LaTeX Font Info:    Redeclaring math symbol \T2Amath\i on input line 99.
LaTeX Font Info:    Redeclaring math symbol \T2Amath\j on input line 100.
LaTeX Font Info:    Redeclaring math symbol \T2Amath\CYRA on input line 102.
LaTeX Font Info:    Redeclaring math symbol \T2Amath\cyra on input line 103.
LaTeX Font Info:    Redeclaring math symbol \T2Amath\CYRB on input line 104.
LaTeX Font Info:    Redeclaring math symbol \T2Amath\cyrb on input line 105.
LaTeX Font Info:    Redeclaring math symbol \T2Amath\CYRV on input line 106.
LaTeX Font Info:    Redeclaring math symbol \T2Amath\cyrv on input line 107.
LaTeX Font Info:    Redeclaring math symbol \T2Amath\CYRG on input line 108.
LaTeX Font Info:    Redeclaring math symbol \T2Amath\cyrg on input line 109.
LaTeX Font Info:    Redeclaring math symbol \T2Amath\CYRD on input line 110.
LaTeX Font Info:    Redeclaring math symbol \T2Amath\cyrd on input line 111.
LaTeX Font Info:    Redeclaring math symbol \T2Amath\CYRE on input line 112.
LaTeX Font Info:    Redeclaring math symbol \T2Amath\cyre on input line 113.
LaTeX Font Info:    Redeclaring math symbol \T2Amath\CYRZH on input line 114.
LaTeX Font Info:    Redeclaring math symbol \T2Amath\cyrzh on input line 115.
LaTeX Font Info:    Redeclaring math symbol \T2Amath\CYRZ on input line 116.
LaTeX Font Info:    Redeclaring math symbol \T2Amath\cyrz on input line 117.
LaTeX Font Info:    Redeclaring math symbol \T2Amath\CYRI on input line 118.
LaTeX Font Info:    Redeclaring math symbol \T2Amath\cyri on input line 119.
LaTeX Font Info:    Redeclaring math symbol \T2Amath\CYRISHRT on input line 120
.
LaTeX Font Info:    Redeclaring math symbol \T2Amath\cyrishrt on input line 121
.
LaTeX Font Info:    Redeclaring math symbol \T2Amath\CYRK on input line 122.
LaTeX Font Info:    Redeclaring math symbol \T2Amath\cyrk on input line 123.
LaTeX Font Info:    Redeclaring math symbol \T2Amath\CYRL on input line 124.
LaTeX Font Info:    Redeclaring math symbol \T2Amath\cyrl on input line 125.
LaTeX Font Info:    Redeclaring math symbol \T2Amath\CYRM on input line 126.
LaTeX Font Info:    Redeclaring math symbol \T2Amath\cyrm on input line 127.
LaTeX Font Info:    Redeclaring math symbol \T2Amath\CYRN on input line 128.
LaTeX Font Info:    Redeclaring math symbol \T2Amath\cyrn on input line 129.
LaTeX Font Info:    Redeclaring math symbol \T2Amath\CYRO on input line 130.
LaTeX Font Info:    Redeclaring math symbol \T2Amath\cyro on input line 131.
LaTeX Font Info:    Redeclaring math symbol \T2Amath\CYRP on input line 132.
LaTeX Font Info:    Redeclaring math symbol \T2Amath\cyrp on input line 133.
LaTeX Font Info:    Redeclaring math symbol \T2Amath\CYRR on input line 134.
LaTeX Font Info:    Redeclaring math symbol \T2Amath\cyrr on input line 135.
LaTeX Font Info:    Redeclaring math symbol \T2Amath\CYRS on input line 136.
LaTeX Font Info:    Redeclaring math symbol \T2Amath\cyrs on input line 137.
LaTeX Font Info:    Redeclaring math symbol \T2Amath\CYRT on input line 138.
LaTeX Font Info:    Redeclaring math symbol \T2Amath\cyrt on input line 139.
LaTeX Font Info:    Redeclaring math symbol \T2Amath\CYRU on input line 140.
LaTeX Font Info:    Redeclaring math symbol \T2Amath\cyru on input line 141.
LaTeX Font Info:    Redeclaring math symbol \T2Amath\CYRF on input line 142.
LaTeX Font Info:    Redeclaring math symbol \T2Amath\cyrf on input line 143.
LaTeX Font Info:    Redeclaring math symbol \T2Amath\CYRH on input line 144.
LaTeX Font Info:    Redeclaring math symbol \T2Amath\cyrh on input line 145.
LaTeX Font Info:    Redeclaring math symbol \T2Amath\CYRC on input line 146.
LaTeX Font Info:    Redeclaring math symbol \T2Amath\cyrc on input line 147.
LaTeX Font Info:    Redeclaring math symbol \T2Amath\CYRCH on input line 148.
LaTeX Font Info:    Redeclaring math symbol \T2Amath\cyrch on input line 149.
LaTeX Font Info:    Redeclaring math symbol \T2Amath\CYRSH on input line 150.
LaTeX Font Info:    Redeclaring math symbol \T2Amath\cyrsh on input line 151.
LaTeX Font Info:    Redeclaring math symbol \T2Amath\CYRSHCH on input line 152.

LaTeX Font Info:    Redeclaring math symbol \T2Amath\cyrshch on input line 153.

LaTeX Font Info:    Redeclaring math symbol \T2Amath\CYRHRDSN on input line 154
.
LaTeX Font Info:    Redeclaring math symbol \T2Amath\cyrhrdsn on input line 155
.
LaTeX Font Info:    Redeclaring math symbol \T2Amath\CYRERY on input line 156.
LaTeX Font Info:    Redeclaring math symbol \T2Amath\cyrery on input line 157.
LaTeX Font Info:    Redeclaring math symbol \T2Amath\CYRSFTSN on input line 158
.
LaTeX Font Info:    Redeclaring math symbol \T2Amath\cyrsftsn on input line 159
.
LaTeX Font Info:    Redeclaring math symbol \T2Amath\CYREREV on input line 160.

LaTeX Font Info:    Redeclaring math symbol \T2Amath\cyrerev on input line 161.

LaTeX Font Info:    Redeclaring math symbol \T2Amath\CYRYU on input line 162.
LaTeX Font Info:    Redeclaring math symbol \T2Amath\cyryu on input line 163.
LaTeX Font Info:    Redeclaring math symbol \T2Amath\CYRYA on input line 164.
LaTeX Font Info:    Redeclaring math symbol \T2Amath\cyrya on input line 165.
LaTeX Font Info:    Redeclaring math symbol \T2Amath\CYRGUP on input line 166.
LaTeX Font Info:    Redeclaring math symbol \T2Amath\cyrgup on input line 167.
LaTeX Font Info:    Redeclaring math symbol \T2Amath\CYRGHCRS on input line 168
.
LaTeX Font Info:    Redeclaring math symbol \T2Amath\cyrghcrs on input line 169
.
LaTeX Font Info:    Redeclaring math symbol \T2Amath\CYRDJE on input line 170.
LaTeX Font Info:    Redeclaring math symbol \T2Amath\cyrdje on input line 171.
LaTeX Font Info:    Redeclaring math symbol \T2Amath\CYRTSHE on input line 172.

LaTeX Font Info:    Redeclaring math symbol \T2Amath\cyrtshe on input line 173.

LaTeX Font Info:    Redeclaring math symbol \T2Amath\CYRSHHA on input line 174.

LaTeX Font Info:    Redeclaring math symbol \T2Amath\cyrshha on input line 175.

LaTeX Font Info:    Redeclaring math symbol \T2Amath\CYRZHDSC on input line 176
.
LaTeX Font Info:    Redeclaring math symbol \T2Amath\cyrzhdsc on input line 177
.
LaTeX Font Info:    Redeclaring math symbol \T2Amath\CYRZDSC on input line 178.

LaTeX Font Info:    Redeclaring math symbol \T2Amath\cyrzdsc on input line 179.

LaTeX Font Info:    Redeclaring math symbol \T2Amath\CYRLJE on input line 180.
LaTeX Font Info:    Redeclaring math symbol \T2Amath\cyrlje on input line 181.
LaTeX Font Info:    Redeclaring math symbol \T2Amath\CYRYI on input line 182.
LaTeX Font Info:    Redeclaring math symbol \T2Amath\cyryi on input line 183.
LaTeX Font Info:    Redeclaring math symbol \T2Amath\CYRKDSC on input line 184.

LaTeX Font Info:    Redeclaring math symbol \T2Amath\cyrkdsc on input line 185.

LaTeX Font Info:    Redeclaring math symbol \T2Amath\CYRKBEAK on input line 186
.
LaTeX Font Info:    Redeclaring math symbol \T2Amath\cyrkbeak on input line 187
.
LaTeX Font Info:    Redeclaring math symbol \T2Amath\CYRKVCRS on input line 188
.
LaTeX Font Info:    Redeclaring math symbol \T2Amath\cyrkvcrs on input line 189
.
LaTeX Font Info:    Redeclaring math symbol \T2Amath\CYRAE on input line 190.
LaTeX Font Info:    Redeclaring math symbol \T2Amath\cyrae on input line 191.
LaTeX Font Info:    Redeclaring math symbol \T2Amath\CYRNDSC on input line 192.

LaTeX Font Info:    Redeclaring math symbol \T2Amath\cyrndsc on input line 193.

LaTeX Font Info:    Redeclaring math symbol \T2Amath\CYRNG on input line 194.
LaTeX Font Info:    Redeclaring math symbol \T2Amath\cyrng on input line 195.
LaTeX Font Info:    Redeclaring math symbol \T2Amath\CYRDZE on input line 196.
LaTeX Font Info:    Redeclaring math symbol \T2Amath\cyrdze on input line 197.
LaTeX Font Info:    Redeclaring math symbol \T2Amath\CYROTLD on input line 198.

LaTeX Font Info:    Redeclaring math symbol \T2Amath\cyrotld on input line 199.

LaTeX Font Info:    Redeclaring math symbol \T2Amath\CYRSDSC on input line 200.

LaTeX Font Info:    Redeclaring math symbol \T2Amath\cyrsdsc on input line 201.

LaTeX Font Info:    Redeclaring math symbol \T2Amath\CYRUSHRT on input line 202
.
LaTeX Font Info:    Redeclaring math symbol \T2Amath\cyrushrt on input line 203
.
LaTeX Font Info:    Redeclaring math symbol \T2Amath\CYRY on input line 204.
LaTeX Font Info:    Redeclaring math symbol \T2Amath\cyry on input line 205.
LaTeX Font Info:    Redeclaring math symbol \T2Amath\CYRYHCRS on input line 206
.
LaTeX Font Info:    Redeclaring math symbol \T2Amath\cyryhcrs on input line 207
.
LaTeX Font Info:    Redeclaring math symbol \T2Amath\CYRHDSC on input line 208.

LaTeX Font Info:    Redeclaring math symbol \T2Amath\cyrhdsc on input line 209.

LaTeX Font Info:    Redeclaring math symbol \T2Amath\CYRDZHE on input line 210.

LaTeX Font Info:    Redeclaring math symbol \T2Amath\cyrdzhe on input line 211.

LaTeX Font Info:    Redeclaring math symbol \T2Amath\CYRCHVCRS on input line 21
2.
LaTeX Font Info:    Redeclaring math symbol \T2Amath\cyrchvcrs on input line 21
3.
LaTeX Font Info:    Redeclaring math symbol \T2Amath\CYRCHRDSC on input line 21
4.
LaTeX Font Info:    Redeclaring math symbol \T2Amath\cyrchrdsc on input line 21
5.
LaTeX Font Info:    Redeclaring math symbol \T2Amath\CYRIE on input line 216.
LaTeX Font Info:    Redeclaring math symbol \T2Amath\cyrie on input line 217.
LaTeX Font Info:    Redeclaring math symbol \T2Amath\CYRSCHWA on input line 218
.
LaTeX Font Info:    Redeclaring math symbol \T2Amath\cyrschwa on input line 219
.
LaTeX Font Info:    Redeclaring math symbol \T2Amath\CYRNJE on input line 220.
LaTeX Font Info:    Redeclaring math symbol \T2Amath\cyrnje on input line 221.
LaTeX Font Info:    Redeclaring math symbol \T2Amath\CYRYO on input line 222.
LaTeX Font Info:    Redeclaring math symbol \T2Amath\cyryo on input line 223.
LaTeX Font Info:    Redeclaring math symbol \T2Amath\CYRII on input line 224.
LaTeX Font Info:    Redeclaring math symbol \T2Amath\cyrii on input line 225.
LaTeX Font Info:    Redeclaring math symbol \T2Amath\CYRJE on input line 226.
LaTeX Font Info:    Redeclaring math symbol \T2Amath\cyrje on input line 227.
LaTeX Font Info:    Redeclaring math symbol \T2Amath\CYRQ on input line 228.
LaTeX Font Info:    Redeclaring math symbol \T2Amath\cyrq on input line 229.
LaTeX Font Info:    Redeclaring math symbol \T2Amath\CYRW on input line 230.
LaTeX Font Info:    Redeclaring math symbol \T2Amath\cyrw on input line 231.
))
(/usr/share/texlive/texmf-dist/tex/latex/float/float.sty
Package: float 2001/11/08 v1.3d Float enhancements (AL)
\c@float@type=\count110
\float@exts=\toks21
\float@box=\box30
\@float@everytoks=\toks22
\@floatcapt=\box31
)
(/usr/share/texlive/texmf-dist/tex/latex/graphics/graphicx.sty
Package: graphicx 1999/02/16 v1.0f Enhanced LaTeX Graphics (DPC,SPQR)

(/usr/share/texlive/texmf-dist/tex/latex/graphics/graphics.sty
Package: graphics 2009/02/05 v1.0o Standard LaTeX Graphics (DPC,SPQR)

(/usr/share/texlive/texmf-dist/tex/latex/graphics/trig.sty
Package: trig 1999/03/16 v1.09 sin cos tan (DPC)
)
(/usr/share/texlive/texmf-dist/tex/latex/latexconfig/graphics.cfg
File: graphics.cfg 2010/04/23 v1.9 graphics configuration of TeX Live
)
Package graphics Info: Driver file: dvips.def on input line 91.

(/usr/share/texlive/texmf-dist/tex/latex/graphics/dvips.def
File: dvips.def 1999/02/16 v3.0i Driver-dependant file (DPC,SPQR)
))
\Gin@req@height=\dimen125
\Gin@req@width=\dimen126
)
(./G7-32_NIRreport_example.aux)
\openout1 = `G7-32_NIRreport_example.aux'.

LaTeX Font Info:    Checking defaults for OML/cmm/m/it on input line 44.
LaTeX Font Info:    ... okay on input line 44.
LaTeX Font Info:    Checking defaults for T1/cmr/m/n on input line 44.
LaTeX Font Info:    ... okay on input line 44.
LaTeX Font Info:    Checking defaults for OT1/cmr/m/n on input line 44.
LaTeX Font Info:    ... okay on input line 44.
LaTeX Font Info:    Checking defaults for OMS/cmsy/m/n on input line 44.
LaTeX Font Info:    ... okay on input line 44.
LaTeX Font Info:    Checking defaults for OMX/cmex/m/n on input line 44.
LaTeX Font Info:    ... okay on input line 44.
LaTeX Font Info:    Checking defaults for U/cmr/m/n on input line 44.
LaTeX Font Info:    ... okay on input line 44.
LaTeX Font Info:    Checking defaults for PD1/pdf/m/n on input line 44.
LaTeX Font Info:    ... okay on input line 44.
LaTeX Font Info:    Checking defaults for PU/pdf/m/n on input line 44.
LaTeX Font Info:    ... okay on input line 44.
LaTeX Font Info:    Checking defaults for T2A/cmr/m/n on input line 44.
LaTeX Font Info:    ... okay on input line 44.
\AtBeginShipoutBox=\box32
Package hyperref Info: Link coloring OFF on input line 44.

(/usr/share/texlive/texmf-dist/tex/latex/hyperref/nameref.sty
Package: nameref 2010/04/30 v2.40 Cross-referencing by name of section

(/usr/share/texlive/texmf-dist/tex/generic/oberdiek/gettitlestring.sty
Package: gettitlestring 2010/12/03 v1.4 Cleanup title references (HO)
)
\c@section@level=\count111
)
LaTeX Info: Redefining \ref on input line 44.
LaTeX Info: Redefining \pageref on input line 44.
LaTeX Info: Redefining \nameref on input line 44.

(./G7-32_NIRreport_example.out) (./G7-32_NIRreport_example.out)
\@outlinefile=\write3
\openout3 = `G7-32_NIRreport_example.out'.

Package caption Info: Begin \AtBeginDocument code.
Package caption Info: End \AtBeginDocument code.

*geometry* driver: auto-detecting
*geometry* detected driver: pdftex
*geometry* verbose mode - [ preamble ] result:
* driver: pdftex
* paper: <default>
* layout: <same size as paper>
* layoutoffset:(h,v)=(0.0pt,0.0pt)
* modes: 
* h-part:(L,W,R)=(56.9055pt, 512.14963pt, 28.45274pt)
* v-part:(T,H,B)=(56.9055pt, 731.23584pt, 56.9055pt)
* \paperwidth=597.50787pt
* \paperheight=845.04684pt
* \textwidth=512.14963pt
* \textheight=731.23584pt
* \oddsidemargin=-15.36449pt
* \evensidemargin=-15.36449pt
* \topmargin=-27.36449pt
* \headheight=12.0pt
* \headsep=0.0pt
* \topskip=12.0pt
* \footskip=30.0pt
* \marginparwidth=35.0pt
* \marginparsep=10.0pt
* \columnsep=10.0pt
* \skip\footins=10.8pt plus 4.0pt minus 2.0pt
* \hoffset=0.0pt
* \voffset=0.0pt
* \mag=1000
* \@twocolumnfalse
* \@twosidefalse
* \@mparswitchfalse
* \@reversemarginfalse
* (1in=72.27pt=25.4mm, 1cm=28.453pt)

(/usr/share/texlive/texmf-dist/tex/latex/oberdiek/epstopdf-base.sty
Package: epstopdf-base 2010/02/09 v2.5 Base part for package epstopdf

(/usr/share/texlive/texmf-dist/tex/latex/oberdiek/grfext.sty
Package: grfext 2010/08/19 v1.1 Manage graphics extensions (HO)
)

Package epstopdf Warning: Drivers other than `pdftex.def' are not supported.

)
LaTeX Font Info:    Try loading font information for T2A+ftm on input line 45.
LaTeX Font Info:    No file T2Aftm.fd. on input line 45.


LaTeX Font Warning: Font shape `T2A/ftm/m/' undefined
(Font)              using `T2A/cmr/m/n' instead on input line 45.


LaTeX Font Warning: Font shape `T2A/ftm/m/sc' undefined
(Font)              using `T2A/cmr/m/n' instead on input line 49.

LaTeX Font Info:    Try loading font information for U+msa on input line 49.
(/usr/share/texlive/texmf-dist/tex/latex/amsfonts/umsa.fd
File: umsa.fd 2009/06/22 v3.00 AMS symbols A
)
LaTeX Font Info:    Try loading font information for U+msb on input line 49.

(/usr/share/texlive/texmf-dist/tex/latex/amsfonts/umsb.fd
File: umsb.fd 2009/06/22 v3.00 AMS symbols B
)
Underfull \hbox (badness 10000) in paragraph at lines 49--49

 []


LaTeX Font Warning: Font shape `T2A/ftm/bx/' undefined
(Font)              using `T2A/cmr/m/n' instead on input line 49.

[1

{/var/lib/texmf/fonts/map/pdftex/updmap/pdftex.map}] [2

] [3

]
(./G7-32_NIRreport_example.toc
LaTeX Font Info:    Try loading font information for OT1+ftm on input line 1.
LaTeX Font Info:    No file OT1ftm.fd. on input line 1.


LaTeX Font Warning: Font shape `OT1/ftm/m/' undefined
(Font)              using `OT1/cmr/m/n' instead on input line 1.

)
\tf@toc=\write4
\openout4 = `G7-32_NIRreport_example.toc'.

 [4

] [5

] [6

] [7

] [8

]
Overfull \hbox (25.76482pt too wide) in paragraph at lines 101--102
[]\T2A/ftm/m//12  ^^? ^^?^^? ^^?^^?^^? ^^?
^^? ^^?^^? figure  ^^?^^?^^? includegraphics
 []

[9

pdfTeX warning (ext4): destination with the same identifier (name{figure.1.1}) 
has been already used, duplicate ignored

\AtBegShi@Output ...ipout \box \AtBeginShipoutBox 
                                                  \fi \fi 
l.137 \Conclusion
                  %   ?] [10

]

LaTeX Font Warning: Font shape `T2A/ftm/m/it' undefined
(Font)              using `T2A/cmr/m/n' instead on input line 143.

Package atveryend Info: Empty hook `BeforeClearDocument' on input line 149.
[11

]
Package atveryend Info: Empty hook `AfterLastShipout' on input line 149.
 (./G7-32_NIRreport_example.aux)
Package atveryend Info: Executing hook `AtVeryEndDocument' on input line 149.
Package atveryend Info: Executing hook `AtEndAfterFileList' on input line 149.
Package rerunfilecheck Info: File `G7-32_NIRreport_example.out' has not changed
.
(rerunfilecheck)             Checksum: AA736900511C9FDA508D07DB55821589;1762.


LaTeX Font Warning: Some font shapes were not available, defaults substituted.

Package atveryend Info: Empty hook `AtVeryVeryEnd' on input line 149.
 ) 
Here is how much of TeX's memory you used:
 8776 strings out of 493485
 121521 string characters out of 3143526
 197514 words of memory out of 3000000
 11935 multiletter control sequences out of 15000+200000
 13138 words of font info for 38 fonts, out of 3000000 for 9000
 957 hyphenation exceptions out of 8191
 50i,11n,42p,877b,348s stack positions out of 5000i,500n,10000p,200000b,50000s
{/usr/share/texmf/fonts/enc/dvips/cm-super/cm-super-t2a.enc}</usr/share/texmf
/fonts/type1/public/cm-super/sfbx1200.pfb></usr/share/texmf/fonts/type1/public/
cm-super/sfbx1440.pfb></usr/share/texmf/fonts/type1/public/cm-super/sfrm1095.pf
b></usr/share/texmf/fonts/type1/public/cm-super/sfrm1200.pfb>
Output written on G7-32_NIRreport_example.pdf (11 pages, 71733 bytes).
PDF statistics:
 128 PDF objects out of 1000 (max. 8388607)
 108 compressed objects within 2 object streams
 32 named destinations out of 1000 (max. 500000)
 49 words of extra memory for PDF output out of 10000 (max. 10000000)

